<?xml version="1.0" encoding="UTF-8"?>
<!-- Generated by org.testng.reporters.JUnitReportReporter -->
<testsuite skipped="0" hostname="LAPTOP-D3528CHI" name="com.qhl.unitTest.Test2" tests="2" failures="0" timestamp="07 Jun 2021 06:24:47 GMT" time="0.038" errors="0">
  <testcase name="test1" time="0.033" classname="com.qhl.unitTest.Test2"/>
  <testcase name="test2" time="0.005" classname="com.qhl.unitTest.Test2"/>
</testsuite> <!-- com.qhl.unitTest.Test2 -->
