<?xml version="1.0" encoding="UTF-8"?>
<!-- Generated by org.testng.reporters.JUnitReportReporter -->
<testsuite skipped="0" hostname="LAPTOP-D3528CHI" name="com.qhl.testcases.AppLogin" tests="7" failures="0" timestamp="21 May 2021 07:01:45 GMT" time="37.323" errors="0">
  <testcase name="login01" time="0.368" classname="com.qhl.testcases.AppLogin"/>
  <testcase name="login02" time="0.180" classname="com.qhl.testcases.AppLogin"/>
  <testcase name="login03" time="0.256" classname="com.qhl.testcases.AppLogin"/>
  <testcase name="login04" time="4.616" classname="com.qhl.testcases.AppLogin"/>
  <testcase name="login05" time="5.402" classname="com.qhl.testcases.AppLogin"/>
  <testcase name="login06" time="7.774" classname="com.qhl.testcases.AppLogin"/>
  <testcase name="login07" time="18.727" classname="com.qhl.testcases.AppLogin"/>
</testsuite> <!-- com.qhl.testcases.AppLogin -->
