<?xml version="1.0" encoding="UTF-8"?>
<!-- Generated by org.testng.reporters.JUnitReportReporter -->
<testsuite skipped="0" hostname="LAPTOP-D3528CHI" name="com.qhl.unitTest.Test2" tests="2" failures="0" timestamp="16 Mar 2021 10:47:37 GMT" time="0.055" errors="0">
  <testcase name="test1" time="0.044" classname="com.qhl.unitTest.Test2"/>
  <testcase name="test2" time="0.011" classname="com.qhl.unitTest.Test2"/>
</testsuite> <!-- com.qhl.unitTest.Test2 -->
