<?xml version="1.0" encoding="UTF-8"?>
<!-- Generated by org.testng.reporters.JUnitReportReporter -->
<testsuite skipped="0" hostname="LAPTOP-D3528CHI" name="com.qhl.testcases.ForgotPasswordTest" tests="4" failures="0" timestamp="04 May 2021 06:51:02 GMT" time="91.926" errors="0">
  <testcase name="forgot_password01" time="1.712" classname="com.qhl.testcases.ForgotPasswordTest"/>
  <testcase name="forgot_password02" time="4.601" classname="com.qhl.testcases.ForgotPasswordTest"/>
  <testcase name="forgot_password03" time="58.025" classname="com.qhl.testcases.ForgotPasswordTest"/>
  <testcase name="forgot_password04" time="27.588" classname="com.qhl.testcases.ForgotPasswordTest"/>
</testsuite> <!-- com.qhl.testcases.ForgotPasswordTest -->
