<?xml version="1.0" encoding="UTF-8"?>
<!-- Generated by org.testng.reporters.JUnitReportReporter -->
<testsuite skipped="0" hostname="LAPTOP-D3528CHI" name="com.qhl.testcases.Chetak" tests="1" failures="0" timestamp="29 Apr 2021 05:27:42 GMT" time="33.843" errors="0">
  <testcase name="test1" time="33.843" classname="com.qhl.testcases.Chetak"/>
</testsuite> <!-- com.qhl.testcases.Chetak -->
