<?xml version="1.0" encoding="UTF-8"?>
<!-- Generated by org.testng.reporters.JUnitReportReporter -->
<testsuite skipped="0" hostname="LAPTOP-D3528CHI" name="com.qhl.testcases.AppLogin" tests="7" failures="0" timestamp="04 May 2021 06:41:33 GMT" time="28.538" errors="0">
  <testcase name="login01" time="0.138" classname="com.qhl.testcases.AppLogin"/>
  <testcase name="login02" time="0.150" classname="com.qhl.testcases.AppLogin"/>
  <testcase name="login03" time="0.152" classname="com.qhl.testcases.AppLogin"/>
  <testcase name="login04" time="4.913" classname="com.qhl.testcases.AppLogin"/>
  <testcase name="login05" time="4.608" classname="com.qhl.testcases.AppLogin"/>
  <testcase name="login06" time="5.936" classname="com.qhl.testcases.AppLogin"/>
  <testcase name="login07" time="12.641" classname="com.qhl.testcases.AppLogin"/>
</testsuite> <!-- com.qhl.testcases.AppLogin -->
