<?xml version="1.0" encoding="UTF-8"?>
<!-- Generated by org.testng.reporters.JUnitReportReporter -->
<testsuite skipped="0" hostname="LAPTOP-D3528CHI" name="com.qhl.testcases.ForgotPasswordTest" tests="4" failures="0" timestamp="10 May 2021 10:44:35 GMT" time="169.640" errors="0">
  <testcase name="forgot_password01" time="2.008" classname="com.qhl.testcases.ForgotPasswordTest"/>
  <testcase name="forgot_password02" time="7.766" classname="com.qhl.testcases.ForgotPasswordTest"/>
  <testcase name="forgot_password03" time="124.823" classname="com.qhl.testcases.ForgotPasswordTest"/>
  <testcase name="forgot_password04" time="35.043" classname="com.qhl.testcases.ForgotPasswordTest"/>
</testsuite> <!-- com.qhl.testcases.ForgotPasswordTest -->
