<?xml version="1.0" encoding="UTF-8"?>
<!-- Generated by org.testng.reporters.JUnitReportReporter -->
<testsuite skipped="0" hostname="LAPTOP-D3528CHI" name="com.qhl.testcases.AppLogin" tests="7" failures="0" timestamp="10 May 2021 10:40:07 GMT" time="32.178" errors="0">
  <testcase name="login01" time="0.291" classname="com.qhl.testcases.AppLogin"/>
  <testcase name="login02" time="0.207" classname="com.qhl.testcases.AppLogin"/>
  <testcase name="login03" time="0.166" classname="com.qhl.testcases.AppLogin"/>
  <testcase name="login04" time="4.851" classname="com.qhl.testcases.AppLogin"/>
  <testcase name="login05" time="4.751" classname="com.qhl.testcases.AppLogin"/>
  <testcase name="login06" time="8.558" classname="com.qhl.testcases.AppLogin"/>
  <testcase name="login07" time="13.354" classname="com.qhl.testcases.AppLogin"/>
</testsuite> <!-- com.qhl.testcases.AppLogin -->
