<?xml version="1.0" encoding="UTF-8"?>
<!-- Generated by org.testng.reporters.JUnitReportReporter -->
<testsuite skipped="0" hostname="LAPTOP-D3528CHI" name="com.qhl.unitTest.Test3" tests="1" failures="0" timestamp="19 May 2021 13:31:36 GMT" time="4.711" errors="0">
  <testcase name="m" time="4.711" classname="com.qhl.unitTest.Test3"/>
</testsuite> <!-- com.qhl.unitTest.Test3 -->
